#
# A fatal error has been detected by the Java Runtime Environment:
#
#  EXCEPTION_ACCESS_VIOLATION (0xc0000005) at pc=0x00007fff2c7d62d7, pid=10540, tid=12868
#
# JRE version: OpenJDK Runtime Environment (18.0.2+9) (build 18.0.2+9-61)
# Java VM: OpenJDK 64-Bit Server VM (18.0.2+9-61, mixed mode, sharing, tiered, compressed oops, compressed class ptrs, g1 gc, windows-amd64)
# Problematic frame:
# C  [glass.dll+0x262d7]
#
# No core dump will be written. Minidumps are not enabled by default on client versions of Windows
#
# If you would like to submit a bug report, please visit:
#   https://bugreport.java.com/bugreport/crash.jsp
#

---------------  S U M M A R Y ------------

Command Line: -javaagent:D:\Program Files\JetBrains\IntelliJ IDEA 2022.1.2\lib\idea_rt.jar=60570:D:\Program Files\JetBrains\IntelliJ IDEA 2022.1.2\bin -Dfile.encoding=windows-1251 --module-path=C:\Users\Sergey\.m2\repository\org\openjfx\javafx-base\18\javafx-base-18-win.jar;C:\Users\Sergey\.m2\repository\org\openjfx\javafx-controls\18\javafx-controls-18-win.jar;C:\Users\Sergey\.m2\repository\io\netty\netty-buffer\4.1.79.Final\netty-buffer-4.1.79.Final.jar;D:\GB\netfilewarehouse\target\classes;C:\Users\Sergey\.m2\repository\io\netty\netty-codec\4.1.79.Final\netty-codec-4.1.79.Final.jar;C:\Users\Sergey\.m2\repository\org\openjfx\javafx-fxml\18\javafx-fxml-18-win.jar;C:\Users\Sergey\.m2\repository\io\netty\netty-transport\4.1.79.Final\netty-transport-4.1.79.Final.jar;C:\Users\Sergey\.m2\repository\org\openjfx\javafx-graphics\18\javafx-graphics-18-win.jar -Djdk.module.main=ru.gb.netfilewarehouse ru.gb.netfilewarehouse/ru.gb.netfilewarehouse.NetFileWarehouse

Host: Intel(R) Core(TM) i5-7400 CPU @ 3.00GHz, 4 cores, 15G,  Windows 11 , 64 bit Build 22000 (10.0.22000.708)
Time: Mon Sep  5 12:53:17 2022 RTZ 2 (s 11 , 64 bit Build 22000 (10.0.22000.708) elapsed time: 15.402860 seconds (0d 0h 0m 15s)

---------------  T H R E A D  ---------------

Current thread (0x00000158c4075eb0):  VMThread "VM Thread" [stack: 0x0000001b4bc00000,0x0000001b4bd00000] [id=12868]

Stack: [0x0000001b4bc00000,0x0000001b4bd00000],  sp=0x0000001b4bcff3d0,  free space=1020k
Native frames: (J=compiled Java code, j=interpreted, Vv=VM code, C=native code)
C  [glass.dll+0x262d7]


siginfo: EXCEPTION_ACCESS_VIOLATION (0xc0000005), reading address 0x0000000000000000


Register to memory mapping:

RIP=0x00007fff2c7d62d7 glass.dll
RAX=0x0 is NULL
RBX=0x00000158e6513070 is a global jni handle
RCX=0x00000158c4075eb0 points into unknown readable memory: 0x00007ffee0a4ea08 | 08 ea a4 e0 fe 7f 00 00
RDX=0x0000001b4bcff3d0 points into unknown readable memory: 0x0000000000000000 | 00 00 00 00 00 00 00 00
RSP=0x0000001b4bcff3d0 points into unknown readable memory: 0x0000000000000000 | 00 00 00 00 00 00 00 00
RBP=0x00000158eb190c28 points into unknown readable memory: 0x0000f31e094dbb43 | 43 bb 4d 09 1e f3 00 00
RSI=0x00000158eb190c00 points into unknown readable memory: 0x00030ce76aa40da3 | a3 0d a4 6a e7 0c 03 00
RDI=0x0000f31e094dbb43 is an unknown value
R8 =0x0000000000010002 is an unknown value
R9 =0x0000f31e094dbb43 is an unknown value
R10=0x85f13e9656da4870 is an unknown value
R11=0x0000001b4bcff360 points into unknown readable memory: 0x00000158eb190c00 | 00 0c 19 eb 58 01 00 00
R12=0x00007fff2c7d3bc4 glass.dll
R13=0x0000000000000001 is an unknown value
R14=0x0000001b4bcff4d8 points into unknown readable memory: 0x0000001b4bcff4c0 | c0 f4 cf 4b 1b 00 00 00
R15=0x00000158eb190c00 points into unknown readable memory: 0x00030ce76aa40da3 | a3 0d a4 6a e7 0c 03 00


Registers:
RAX=0x0000000000000000, RBX=0x00000158e6513070, RCX=0x00000158c4075eb0, RDX=0x0000001b4bcff3d0
RSP=0x0000001b4bcff3d0, RBP=0x00000158eb190c28, RSI=0x00000158eb190c00, RDI=0x0000f31e094dbb43
R8 =0x0000000000010002, R9 =0x0000f31e094dbb43, R10=0x85f13e9656da4870, R11=0x0000001b4bcff360
R12=0x00007fff2c7d3bc4, R13=0x0000000000000001, R14=0x0000001b4bcff4d8, R15=0x00000158eb190c00
RIP=0x00007fff2c7d62d7, EFLAGS=0x0000000000010202

Top of Stack: (sp=0x0000001b4bcff3d0)
0x0000001b4bcff3d0:   0000000000000000 00000158eb190c00
0x0000001b4bcff3e0:   0000000000000001 00007fff2c7d3bc4
0x0000001b4bcff3f0:   00000158eb190c08 00007fff5017bea0
0x0000001b4bcff400:   0000f31e094dbb43 0000015800000000
0x0000001b4bcff410:   00000158eb190c28 00000158eb190c00
0x0000001b4bcff420:   fffffffffffffffe 0000000000000000
0x0000001b4bcff430:   0000000000000001 00007fff2c7b0000
0x0000001b4bcff440:   0000001b4bcff4c8 00007fff5017bdb7
0x0000001b4bcff450:   0000000000000000 0000001b4bcff4d8
0x0000001b4bcff460:   0000001b4bcff7c0 00007fff502612b0
0x0000001b4bcff470:   0000000000000001 00007fff5017bd6d
0x0000001b4bcff480:   0000000000000000 0000000000000001
0x0000001b4bcff490:   00007fff4ebf0000 0000001b4bcff4c8
0x0000001b4bcff4a0:   fffffffffffffffe 00007fff4ebf0000
0x0000001b4bcff4b0:   0000000000000000 00007fff2c7d3a51
0x0000001b4bcff4c0:   00007fff2c7e9f88 0000000000000002 

Instructions: (pc=0x00007fff2c7d62d7)
0x00007fff2c7d61d7:   8b 4d 58 e8 2d cf ff ff 48 8b 4d 60 e8 24 cf ff
0x00007fff2c7d61e7:   ff 48 8b 95 80 00 00 00 48 8b 8d 18 01 00 00 e8
0x00007fff2c7d61f7:   16 c4 ff ff 33 d2 33 c9 e8 5c e1 ff ff 90 48 89
0x00007fff2c7d6207:   54 24 10 55 48 83 ec 20 48 8b ea 48 b8 00 00 00
0x00007fff2c7d6217:   00 00 00 00 00 48 83 c4 20 5d c3 cc 40 55 48 8b
0x00007fff2c7d6227:   ea 48 8b 01 33 c9 81 38 05 00 00 c0 0f 94 c1 8b
0x00007fff2c7d6237:   c1 5d c3 cc 40 55 48 83 ec 20 48 8b ea 8a 4d 40
0x00007fff2c7d6247:   48 83 c4 20 5d e9 17 d3 ff ff cc 40 55 48 83 ec
0x00007fff2c7d6257:   20 48 8b ea 8a 4d 20 e8 05 d3 ff ff 90 48 83 c4
0x00007fff2c7d6267:   20 5d c3 cc 40 55 48 83 ec 20 48 8b ea 48 83 c4
0x00007fff2c7d6277:   20 5d e9 66 d1 ff ff cc 40 55 48 83 ec 30 48 8b
0x00007fff2c7d6287:   ea 48 8b 01 8b 10 48 89 4c 24 28 89 54 24 20 4c
0x00007fff2c7d6297:   8d 0d 07 d6 ff ff 4c 8b 45 70 8b 55 68 48 8b 4d
0x00007fff2c7d62a7:   60 e8 a7 d0 ff ff 90 48 83 c4 30 5d c3 cc cc cc
0x00007fff2c7d62b7:   cc cc cc cc cc cc cc cc cc 40 53 48 83 ec 20 48
0x00007fff2c7d62c7:   8b 1d bb 36 01 00 48 85 db 74 16 e8 59 8b ff ff
0x00007fff2c7d62d7:   4c 8b 00 48 8b d3 48 8b c8 41 ff 90 b0 00 00 00
0x00007fff2c7d62e7:   90 48 83 c4 20 5b c3 cc cc 40 53 48 83 ec 20 48
0x00007fff2c7d62f7:   8b 1d 2b 38 01 00 48 85 db 74 57 b8 ff ff ff ff
0x00007fff2c7d6307:   f0 0f c1 43 10 83 f8 01 75 3d 48 85 db 74 38 48
0x00007fff2c7d6317:   8b 0b 48 85 c9 74 0d ff 15 84 0f 00 00 48 c7 03
0x00007fff2c7d6327:   00 00 00 00 48 8b 4b 08 48 85 c9 74 0d e8 d3 cd
0x00007fff2c7d6337:   ff ff 48 c7 43 08 00 00 00 00 ba 18 00 00 00 48
0x00007fff2c7d6347:   8b cb e8 be cd ff ff 48 c7 05 cf 37 01 00 00 00
0x00007fff2c7d6357:   00 00 48 83 c4 20 5b c3 cc 40 53 48 83 ec 20 48
0x00007fff2c7d6367:   8b 1d 9b 37 01 00 48 85 db 74 57 b8 ff ff ff ff
0x00007fff2c7d6377:   f0 0f c1 43 10 83 f8 01 75 3d 48 85 db 74 38 48
0x00007fff2c7d6387:   8b 0b 48 85 c9 74 0d ff 15 14 0f 00 00 48 c7 03
0x00007fff2c7d6397:   00 00 00 00 48 8b 4b 08 48 85 c9 74 0d e8 63 cd
0x00007fff2c7d63a7:   ff ff 48 c7 43 08 00 00 00 00 ba 18 00 00 00 48
0x00007fff2c7d63b7:   8b cb e8 4e cd ff ff 48 c7 05 3f 37 01 00 00 00
0x00007fff2c7d63c7:   00 00 48 83 c4 20 5b c3 cc 40 53 48 83 ec 20 48 


Stack slot to memory mapping:
stack at sp + 0 slots: 0x0 is NULL
stack at sp + 1 slots: 0x00000158eb190c00 points into unknown readable memory: 0x00030ce76aa40da3 | a3 0d a4 6a e7 0c 03 00
stack at sp + 2 slots: 0x0000000000000001 is an unknown value
stack at sp + 3 slots: 0x00007fff2c7d3bc4 glass.dll
stack at sp + 4 slots: 0x00000158eb190c08 points into unknown readable memory: 0x0000f31e094dbb43 | 43 bb 4d 09 1e f3 00 00
stack at sp + 5 slots: 0x00007fff5017bea0 ucrtbase.dll
stack at sp + 6 slots: 0x0000f31e094dbb43 is an unknown value
stack at sp + 7 slots: 0x0000015800000000 is an unknown value

VM_Operation (0x0000001b4d1f93c0): Exit, mode: safepoint, requested by thread 0x00000158eb17fe40


---------------  P R O C E S S  ---------------

Threads class SMR info:
_java_thread_list=0x00000158f08020e0, length=21, elements={
0x00000158c3fecfd0, 0x00000158e650a9b0, 0x00000158e650b350, 0x00000158e6527000,
0x00000158e65279a0, 0x00000158e6528340, 0x00000158e6528ce0, 0x00000158e652c160,
0x00000158e652fa90, 0x00000158e6530b20, 0x00000158e64f7890, 0x00000158eaa84c00,
0x00000158eaec1bf0, 0x00000158eb09e860, 0x00000158eb176c70, 0x00000158eb17fe40,
0x00000158efc17530, 0x00000158efc17a00, 0x00000158efc19210, 0x00000158efc196e0,
0x00000158efc19bb0
}

Java Threads: ( => current thread )
  0x00000158c3fecfd0 JavaThread "main" [_thread_blocked, id=15172, stack(0x0000001b4b600000,0x0000001b4b700000)]
  0x00000158e650a9b0 JavaThread "Reference Handler" daemon [_thread_blocked, id=13924, stack(0x0000001b4bd00000,0x0000001b4be00000)]
  0x00000158e650b350 JavaThread "Finalizer" daemon [_thread_blocked, id=15900, stack(0x0000001b4be00000,0x0000001b4bf00000)]
  0x00000158e6527000 JavaThread "Signal Dispatcher" daemon [_thread_blocked, id=2556, stack(0x0000001b4bf00000,0x0000001b4c000000)]
  0x00000158e65279a0 JavaThread "Attach Listener" daemon [_thread_blocked, id=16420, stack(0x0000001b4c000000,0x0000001b4c100000)]
  0x00000158e6528340 JavaThread "Service Thread" daemon [_thread_blocked, id=8328, stack(0x0000001b4c100000,0x0000001b4c200000)]
  0x00000158e6528ce0 JavaThread "Monitor Deflation Thread" daemon [_thread_blocked, id=12524, stack(0x0000001b4c200000,0x0000001b4c300000)]
  0x00000158e652c160 JavaThread "C2 CompilerThread0" daemon [_thread_blocked, id=16240, stack(0x0000001b4c300000,0x0000001b4c400000)]
  0x00000158e652fa90 JavaThread "C1 CompilerThread0" daemon [_thread_blocked, id=18044, stack(0x0000001b4c400000,0x0000001b4c500000)]
  0x00000158e6530b20 JavaThread "Sweeper thread" daemon [_thread_blocked, id=12732, stack(0x0000001b4c500000,0x0000001b4c600000)]
  0x00000158e64f7890 JavaThread "Common-Cleaner" daemon [_thread_blocked, id=16560, stack(0x0000001b4c600000,0x0000001b4c700000)]
  0x00000158eaa84c00 JavaThread "Monitor Ctrl-Break" daemon [_thread_in_native, id=7064, stack(0x0000001b4c800000,0x0000001b4c900000)]
  0x00000158eaec1bf0 JavaThread "Notification Thread" daemon [_thread_blocked, id=14424, stack(0x0000001b4c900000,0x0000001b4ca00000)]
  0x00000158eb09e860 JavaThread "QuantumRenderer-0" daemon [_thread_blocked, id=12536, stack(0x0000001b4ce00000,0x0000001b4cf00000)]
  0x00000158eb176c70 JavaThread "InvokeLaterDispatcher" daemon [_thread_blocked, id=9988, stack(0x0000001b4d000000,0x0000001b4d100000)]
  0x00000158eb17fe40 JavaThread "JavaFX Application Thread" [_thread_blocked, id=10812, stack(0x0000001b4d100000,0x0000001b4d200000)]
  0x00000158efc17530 JavaThread "JavaFX-Launcher" [_thread_blocked, id=1884, stack(0x0000001b4d300000,0x0000001b4d400000)]
  0x00000158efc17a00 JavaThread "Thread-2" daemon [_thread_in_native, id=15020, stack(0x0000001b4c700000,0x0000001b4c800000)]
  0x00000158efc19210 JavaThread "nioEventLoopGroup-2-1" [_thread_in_native, id=9664, stack(0x0000001b4d500000,0x0000001b4d600000)]
  0x00000158efc196e0 JavaThread "Prism Font Disposer" daemon [_thread_blocked, id=13148, stack(0x0000001b4da00000,0x0000001b4db00000)]
  0x00000158efc19bb0 JavaThread "Cleaner-0" daemon [_thread_blocked, id=9812, stack(0x0000001b4db00000,0x0000001b4dc00000)]

Other Threads:
=>0x00000158c4075eb0 VMThread "VM Thread" [stack: 0x0000001b4bc00000,0x0000001b4bd00000] [id=12868]
  0x00000158c405d7b0 WorkerThread "GC Thread#0" [stack: 0x0000001b4b700000,0x0000001b4b800000] [id=10928]
  0x00000158ead713b0 WorkerThread "GC Thread#1" [stack: 0x0000001b4cb00000,0x0000001b4cc00000] [id=15652]
  0x00000158eaeb8740 WorkerThread "GC Thread#2" [stack: 0x0000001b4cc00000,0x0000001b4cd00000] [id=16816]
  0x00000158eaeb89e0 WorkerThread "GC Thread#3" [stack: 0x0000001b4cd00000,0x0000001b4ce00000] [id=12108]
  0x00000158c406e570 ConcurrentGCThread "G1 Main Marker" terminated
  0x00000158c40700d0 WorkerThread "G1 Conc#0" [stack: 0x0000001b4b900000,0x0000001b4ba00000] [id=2176]
  0x00000158c40ae550 ConcurrentGCThread "G1 Refine#0" terminated
  0x00000158e63c40b0 ConcurrentGCThread "G1 Service" terminated

Threads with active compile tasks:

VM state: at safepoint (shutting down)

VM Mutex/Monitor currently owned by a thread:  ([mutex/lock_event])
[0x00000158c3fe9b10] Threads_lock - owner thread: 0x00000158c4075eb0
[0x00000158c3fe9c30] Heap_lock - owner thread: 0x00000158eb17fe40

Heap address: 0x0000000701600000, size: 4074 MB, Compressed Oops mode: Zero based, Oop shift amount: 3

CDS archive(s) mapped at: [0x0000000800000000-0x0000000800ba0000-0x0000000800ba0000), size 12189696, SharedBaseAddress: 0x0000000800000000, ArchiveRelocationMode: 0.
Compressed class space mapped at: 0x0000000800c00000-0x0000000840c00000, reserved size: 1073741824
Narrow klass base: 0x0000000800000000, Narrow klass shift: 0, Narrow klass range: 0x100000000

GC Precious Log:
 CardTable entry size: 512
 Card Set container configuration: InlinePtr #cards 4 size 8 Array Of Cards #cards 16 size 48 Howl #buckets 8 coarsen threshold 3686 Howl Bitmap #cards 512 size 80 coarsen threshold 460 Card regions per heap region 1 cards per card region 4096
 CPUs: 4 total, 4 available
 Memory: 16291M
 Large Page Support: Disabled
 NUMA Support: Disabled
 Compressed Oops: Enabled (Zero based)
 Heap Region Size: 2M
 Heap Min Capacity: 8M
 Heap Initial Capacity: 256M
 Heap Max Capacity: 4074M
 Pre-touch: Disabled
 Parallel Workers: 4
 Concurrent Workers: 1
 Concurrent Refinement Workers: 4
 Periodic GC: Disabled

Heap:
 garbage-first heap   total 262144K, used 50956K [0x0000000701600000, 0x0000000800000000)
  region size 2048K, 25 young (51200K), 2 survivors (4096K)
 Metaspace       used 19639K, committed 19968K, reserved 1114112K
  class space    used 2723K, committed 2880K, reserved 1048576K

Heap Regions: E=young(eden), S=young(survivor), O=old, HS=humongous(starts), HC=humongous(continues), CS=collection set, F=free, OA=open archive, CA=closed archive, TAMS=top-at-mark-start (previous, next)
|   0|0x0000000701600000, 0x0000000701617200, 0x0000000701800000|  4%| O|  |TAMS 0x0000000701600000, 0x0000000701600000| Untracked 
|   1|0x0000000701800000, 0x0000000701a00000, 0x0000000701a00000|100%|HS|  |TAMS 0x0000000701800000, 0x0000000701800000| Complete 
|   2|0x0000000701a00000, 0x0000000701a00000, 0x0000000701c00000|  0%| F|  |TAMS 0x0000000701a00000, 0x0000000701a00000| Untracked 
|   3|0x0000000701c00000, 0x0000000701c00000, 0x0000000701e00000|  0%| F|  |TAMS 0x0000000701c00000, 0x0000000701c00000| Untracked 
|   4|0x0000000701e00000, 0x0000000701e00000, 0x0000000702000000|  0%| F|  |TAMS 0x0000000701e00000, 0x0000000701e00000| Untracked 
|   5|0x0000000702000000, 0x0000000702000000, 0x0000000702200000|  0%| F|  |TAMS 0x0000000702000000, 0x0000000702000000| Untracked 
|   6|0x0000000702200000, 0x0000000702200000, 0x0000000702400000|  0%| F|  |TAMS 0x0000000702200000, 0x0000000702200000| Untracked 
|   7|0x0000000702400000, 0x0000000702400000, 0x0000000702600000|  0%| F|  |TAMS 0x0000000702400000, 0x0000000702400000| Untracked 
|   8|0x0000000702600000, 0x0000000702600000, 0x0000000702800000|  0%| F|  |TAMS 0x0000000702600000, 0x0000000702600000| Untracked 
|   9|0x0000000702800000, 0x0000000702800000, 0x0000000702a00000|  0%| F|  |TAMS 0x0000000702800000, 0x0000000702800000| Untracked 
|  10|0x0000000702a00000, 0x0000000702a00000, 0x0000000702c00000|  0%| F|  |TAMS 0x0000000702a00000, 0x0000000702a00000| Untracked 
|  11|0x0000000702c00000, 0x0000000702c00000, 0x0000000702e00000|  0%| F|  |TAMS 0x0000000702c00000, 0x0000000702c00000| Untracked 
|  12|0x0000000702e00000, 0x0000000702e00000, 0x0000000703000000|  0%| F|  |TAMS 0x0000000702e00000, 0x0000000702e00000| Untracked 
|  13|0x0000000703000000, 0x0000000703000000, 0x0000000703200000|  0%| F|  |TAMS 0x0000000703000000, 0x0000000703000000| Untracked 
|  14|0x0000000703200000, 0x0000000703200000, 0x0000000703400000|  0%| F|  |TAMS 0x0000000703200000, 0x0000000703200000| Untracked 
|  15|0x0000000703400000, 0x0000000703400000, 0x0000000703600000|  0%| F|  |TAMS 0x0000000703400000, 0x0000000703400000| Untracked 
|  16|0x0000000703600000, 0x0000000703600000, 0x0000000703800000|  0%| F|  |TAMS 0x0000000703600000, 0x0000000703600000| Untracked 
|  17|0x0000000703800000, 0x0000000703800000, 0x0000000703a00000|  0%| F|  |TAMS 0x0000000703800000, 0x0000000703800000| Untracked 
|  18|0x0000000703a00000, 0x0000000703a00000, 0x0000000703c00000|  0%| F|  |TAMS 0x0000000703a00000, 0x0000000703a00000| Untracked 
|  19|0x0000000703c00000, 0x0000000703c00000, 0x0000000703e00000|  0%| F|  |TAMS 0x0000000703c00000, 0x0000000703c00000| Untracked 
|  20|0x0000000703e00000, 0x0000000703e00000, 0x0000000704000000|  0%| F|  |TAMS 0x0000000703e00000, 0x0000000703e00000| Untracked 
|  21|0x0000000704000000, 0x0000000704000000, 0x0000000704200000|  0%| F|  |TAMS 0x0000000704000000, 0x0000000704000000| Untracked 
|  22|0x0000000704200000, 0x0000000704200000, 0x0000000704400000|  0%| F|  |TAMS 0x0000000704200000, 0x0000000704200000| Untracked 
|  23|0x0000000704400000, 0x0000000704400000, 0x0000000704600000|  0%| F|  |TAMS 0x0000000704400000, 0x0000000704400000| Untracked 
|  24|0x0000000704600000, 0x0000000704600000, 0x0000000704800000|  0%| F|  |TAMS 0x0000000704600000, 0x0000000704600000| Untracked 
|  25|0x0000000704800000, 0x0000000704800000, 0x0000000704a00000|  0%| F|  |TAMS 0x0000000704800000, 0x0000000704800000| Untracked 
|  26|0x0000000704a00000, 0x0000000704a00000, 0x0000000704c00000|  0%| F|  |TAMS 0x0000000704a00000, 0x0000000704a00000| Untracked 
|  27|0x0000000704c00000, 0x0000000704c00000, 0x0000000704e00000|  0%| F|  |TAMS 0x0000000704c00000, 0x0000000704c00000| Untracked 
|  28|0x0000000704e00000, 0x0000000704e00000, 0x0000000705000000|  0%| F|  |TAMS 0x0000000704e00000, 0x0000000704e00000| Untracked 
|  29|0x0000000705000000, 0x0000000705000000, 0x0000000705200000|  0%| F|  |TAMS 0x0000000705000000, 0x0000000705000000| Untracked 
|  30|0x0000000705200000, 0x0000000705200000, 0x0000000705400000|  0%| F|  |TAMS 0x0000000705200000, 0x0000000705200000| Untracked 
|  31|0x0000000705400000, 0x0000000705400000, 0x0000000705600000|  0%| F|  |TAMS 0x0000000705400000, 0x0000000705400000| Untracked 
|  32|0x0000000705600000, 0x0000000705600000, 0x0000000705800000|  0%| F|  |TAMS 0x0000000705600000, 0x0000000705600000| Untracked 
|  33|0x0000000705800000, 0x0000000705800000, 0x0000000705a00000|  0%| F|  |TAMS 0x0000000705800000, 0x0000000705800000| Untracked 
|  34|0x0000000705a00000, 0x0000000705a00000, 0x0000000705c00000|  0%| F|  |TAMS 0x0000000705a00000, 0x0000000705a00000| Untracked 
|  35|0x0000000705c00000, 0x0000000705c00000, 0x0000000705e00000|  0%| F|  |TAMS 0x0000000705c00000, 0x0000000705c00000| Untracked 
|  36|0x0000000705e00000, 0x0000000705e00000, 0x0000000706000000|  0%| F|  |TAMS 0x0000000705e00000, 0x0000000705e00000| Untracked 
|  37|0x0000000706000000, 0x0000000706000000, 0x0000000706200000|  0%| F|  |TAMS 0x0000000706000000, 0x0000000706000000| Untracked 
|  38|0x0000000706200000, 0x0000000706200000, 0x0000000706400000|  0%| F|  |TAMS 0x0000000706200000, 0x0000000706200000| Untracked 
|  39|0x0000000706400000, 0x0000000706400000, 0x0000000706600000|  0%| F|  |TAMS 0x0000000706400000, 0x0000000706400000| Untracked 
|  40|0x0000000706600000, 0x0000000706600000, 0x0000000706800000|  0%| F|  |TAMS 0x0000000706600000, 0x0000000706600000| Untracked 
|  41|0x0000000706800000, 0x0000000706800000, 0x0000000706a00000|  0%| F|  |TAMS 0x0000000706800000, 0x0000000706800000| Untracked 
|  42|0x0000000706a00000, 0x0000000706a00000, 0x0000000706c00000|  0%| F|  |TAMS 0x0000000706a00000, 0x0000000706a00000| Untracked 
|  43|0x0000000706c00000, 0x0000000706c00000, 0x0000000706e00000|  0%| F|  |TAMS 0x0000000706c00000, 0x0000000706c00000| Untracked 
|  44|0x0000000706e00000, 0x0000000706e00000, 0x0000000707000000|  0%| F|  |TAMS 0x0000000706e00000, 0x0000000706e00000| Untracked 
|  45|0x0000000707000000, 0x0000000707000000, 0x0000000707200000|  0%| F|  |TAMS 0x0000000707000000, 0x0000000707000000| Untracked 
|  46|0x0000000707200000, 0x0000000707200000, 0x0000000707400000|  0%| F|  |TAMS 0x0000000707200000, 0x0000000707200000| Untracked 
|  47|0x0000000707400000, 0x0000000707400000, 0x0000000707600000|  0%| F|  |TAMS 0x0000000707400000, 0x0000000707400000| Untracked 
|  48|0x0000000707600000, 0x0000000707600000, 0x0000000707800000|  0%| F|  |TAMS 0x0000000707600000, 0x0000000707600000| Untracked 
|  49|0x0000000707800000, 0x0000000707800000, 0x0000000707a00000|  0%| F|  |TAMS 0x0000000707800000, 0x0000000707800000| Untracked 
|  50|0x0000000707a00000, 0x0000000707a00000, 0x0000000707c00000|  0%| F|  |TAMS 0x0000000707a00000, 0x0000000707a00000| Untracked 
|  51|0x0000000707c00000, 0x0000000707c00000, 0x0000000707e00000|  0%| F|  |TAMS 0x0000000707c00000, 0x0000000707c00000| Untracked 
|  52|0x0000000707e00000, 0x0000000707e00000, 0x0000000708000000|  0%| F|  |TAMS 0x0000000707e00000, 0x0000000707e00000| Untracked 
|  53|0x0000000708000000, 0x0000000708000000, 0x0000000708200000|  0%| F|  |TAMS 0x0000000708000000, 0x0000000708000000| Untracked 
|  54|0x0000000708200000, 0x0000000708200000, 0x0000000708400000|  0%| F|  |TAMS 0x0000000708200000, 0x0000000708200000| Untracked 
|  55|0x0000000708400000, 0x0000000708400000, 0x0000000708600000|  0%| F|  |TAMS 0x0000000708400000, 0x0000000708400000| Untracked 
|  56|0x0000000708600000, 0x0000000708600000, 0x0000000708800000|  0%| F|  |TAMS 0x0000000708600000, 0x0000000708600000| Untracked 
|  57|0x0000000708800000, 0x0000000708800000, 0x0000000708a00000|  0%| F|  |TAMS 0x0000000708800000, 0x0000000708800000| Untracked 
|  58|0x0000000708a00000, 0x0000000708a00000, 0x0000000708c00000|  0%| F|  |TAMS 0x0000000708a00000, 0x0000000708a00000| Untracked 
|  59|0x0000000708c00000, 0x0000000708c00000, 0x0000000708e00000|  0%| F|  |TAMS 0x0000000708c00000, 0x0000000708c00000| Untracked 
|  60|0x0000000708e00000, 0x0000000708e00000, 0x0000000709000000|  0%| F|  |TAMS 0x0000000708e00000, 0x0000000708e00000| Untracked 
|  61|0x0000000709000000, 0x0000000709000000, 0x0000000709200000|  0%| F|  |TAMS 0x0000000709000000, 0x0000000709000000| Untracked 
|  62|0x0000000709200000, 0x0000000709200000, 0x0000000709400000|  0%| F|  |TAMS 0x0000000709200000, 0x0000000709200000| Untracked 
|  63|0x0000000709400000, 0x0000000709400000, 0x0000000709600000|  0%| F|  |TAMS 0x0000000709400000, 0x0000000709400000| Untracked 
|  64|0x0000000709600000, 0x0000000709600000, 0x0000000709800000|  0%| F|  |TAMS 0x0000000709600000, 0x0000000709600000| Untracked 
|  65|0x0000000709800000, 0x0000000709800000, 0x0000000709a00000|  0%| F|  |TAMS 0x0000000709800000, 0x0000000709800000| Untracked 
|  66|0x0000000709a00000, 0x0000000709a00000, 0x0000000709c00000|  0%| F|  |TAMS 0x0000000709a00000, 0x0000000709a00000| Untracked 
|  67|0x0000000709c00000, 0x0000000709c00000, 0x0000000709e00000|  0%| F|  |TAMS 0x0000000709c00000, 0x0000000709c00000| Untracked 
|  68|0x0000000709e00000, 0x0000000709e00000, 0x000000070a000000|  0%| F|  |TAMS 0x0000000709e00000, 0x0000000709e00000| Untracked 
|  69|0x000000070a000000, 0x000000070a000000, 0x000000070a200000|  0%| F|  |TAMS 0x000000070a000000, 0x000000070a000000| Untracked 
|  70|0x000000070a200000, 0x000000070a200000, 0x000000070a400000|  0%| F|  |TAMS 0x000000070a200000, 0x000000070a200000| Untracked 
|  71|0x000000070a400000, 0x000000070a400000, 0x000000070a600000|  0%| F|  |TAMS 0x000000070a400000, 0x000000070a400000| Untracked 
|  72|0x000000070a600000, 0x000000070a600000, 0x000000070a800000|  0%| F|  |TAMS 0x000000070a600000, 0x000000070a600000| Untracked 
|  73|0x000000070a800000, 0x000000070a800000, 0x000000070aa00000|  0%| F|  |TAMS 0x000000070a800000, 0x000000070a800000| Untracked 
|  74|0x000000070aa00000, 0x000000070aa00000, 0x000000070ac00000|  0%| F|  |TAMS 0x000000070aa00000, 0x000000070aa00000| Untracked 
|  75|0x000000070ac00000, 0x000000070ac00000, 0x000000070ae00000|  0%| F|  |TAMS 0x000000070ac00000, 0x000000070ac00000| Untracked 
|  76|0x000000070ae00000, 0x000000070ae00000, 0x000000070b000000|  0%| F|  |TAMS 0x000000070ae00000, 0x000000070ae00000| Untracked 
|  77|0x000000070b000000, 0x000000070b000000, 0x000000070b200000|  0%| F|  |TAMS 0x000000070b000000, 0x000000070b000000| Untracked 
|  78|0x000000070b200000, 0x000000070b200000, 0x000000070b400000|  0%| F|  |TAMS 0x000000070b200000, 0x000000070b200000| Untracked 
|  79|0x000000070b400000, 0x000000070b400000, 0x000000070b600000|  0%| F|  |TAMS 0x000000070b400000, 0x000000070b400000| Untracked 
|  80|0x000000070b600000, 0x000000070b600000, 0x000000070b800000|  0%| F|  |TAMS 0x000000070b600000, 0x000000070b600000| Untracked 
|  81|0x000000070b800000, 0x000000070b800000, 0x000000070ba00000|  0%| F|  |TAMS 0x000000070b800000, 0x000000070b800000| Untracked 
|  82|0x000000070ba00000, 0x000000070ba00000, 0x000000070bc00000|  0%| F|  |TAMS 0x000000070ba00000, 0x000000070ba00000| Untracked 
|  83|0x000000070bc00000, 0x000000070bc00000, 0x000000070be00000|  0%| F|  |TAMS 0x000000070bc00000, 0x000000070bc00000| Untracked 
|  84|0x000000070be00000, 0x000000070be00000, 0x000000070c000000|  0%| F|  |TAMS 0x000000070be00000, 0x000000070be00000| Untracked 
|  85|0x000000070c000000, 0x000000070c000000, 0x000000070c200000|  0%| F|  |TAMS 0x000000070c000000, 0x000000070c000000| Untracked 
|  86|0x000000070c200000, 0x000000070c200000, 0x000000070c400000|  0%| F|  |TAMS 0x000000070c200000, 0x000000070c200000| Untracked 
|  87|0x000000070c400000, 0x000000070c400000, 0x000000070c600000|  0%| F|  |TAMS 0x000000070c400000, 0x000000070c400000| Untracked 
|  88|0x000000070c600000, 0x000000070c600000, 0x000000070c800000|  0%| F|  |TAMS 0x000000070c600000, 0x000000070c600000| Untracked 
|  89|0x000000070c800000, 0x000000070c800000, 0x000000070ca00000|  0%| F|  |TAMS 0x000000070c800000, 0x000000070c800000| Untracked 
|  90|0x000000070ca00000, 0x000000070ca00000, 0x000000070cc00000|  0%| F|  |TAMS 0x000000070ca00000, 0x000000070ca00000| Untracked 
|  91|0x000000070cc00000, 0x000000070cc00000, 0x000000070ce00000|  0%| F|  |TAMS 0x000000070cc00000, 0x000000070cc00000| Untracked 
|  92|0x000000070ce00000, 0x000000070ce00000, 0x000000070d000000|  0%| F|  |TAMS 0x000000070ce00000, 0x000000070ce00000| Untracked 
|  93|0x000000070d000000, 0x000000070d000000, 0x000000070d200000|  0%| F|  |TAMS 0x000000070d000000, 0x000000070d000000| Untracked 
|  94|0x000000070d200000, 0x000000070d200000, 0x000000070d400000|  0%| F|  |TAMS 0x000000070d200000, 0x000000070d200000| Untracked 
|  95|0x000000070d400000, 0x000000070d400000, 0x000000070d600000|  0%| F|  |TAMS 0x000000070d400000, 0x000000070d400000| Untracked 
|  96|0x000000070d600000, 0x000000070d600000, 0x000000070d800000|  0%| F|  |TAMS 0x000000070d600000, 0x000000070d600000| Untracked 
|  97|0x000000070d800000, 0x000000070d800000, 0x000000070da00000|  0%| F|  |TAMS 0x000000070d800000, 0x000000070d800000| Untracked 
|  98|0x000000070da00000, 0x000000070da00000, 0x000000070dc00000|  0%| F|  |TAMS 0x000000070da00000, 0x000000070da00000| Untracked 
|  99|0x000000070dc00000, 0x000000070dc00000, 0x000000070de00000|  0%| F|  |TAMS 0x000000070dc00000, 0x000000070dc00000| Untracked 
| 100|0x000000070de00000, 0x000000070de00000, 0x000000070e000000|  0%| F|  |TAMS 0x000000070de00000, 0x000000070de00000| Untracked 
| 101|0x000000070e000000, 0x000000070e000000, 0x000000070e200000|  0%| F|  |TAMS 0x000000070e000000, 0x000000070e000000| Untracked 
| 102|0x000000070e200000, 0x000000070e200000, 0x000000070e400000|  0%| F|  |TAMS 0x000000070e200000, 0x000000070e200000| Untracked 
| 103|0x000000070e400000, 0x000000070e4bdf30, 0x000000070e600000| 37%| E|  |TAMS 0x000000070e400000, 0x000000070e400000| Complete 
| 104|0x000000070e600000, 0x000000070e800000, 0x000000070e800000|100%| E|CS|TAMS 0x000000070e600000, 0x000000070e600000| Complete 
| 105|0x000000070e800000, 0x000000070ea00000, 0x000000070ea00000|100%| E|CS|TAMS 0x000000070e800000, 0x000000070e800000| Complete 
| 106|0x000000070ea00000, 0x000000070ec00000, 0x000000070ec00000|100%| E|CS|TAMS 0x000000070ea00000, 0x000000070ea00000| Complete 
| 107|0x000000070ec00000, 0x000000070ee00000, 0x000000070ee00000|100%| E|CS|TAMS 0x000000070ec00000, 0x000000070ec00000| Complete 
| 108|0x000000070ee00000, 0x000000070f000000, 0x000000070f000000|100%| E|CS|TAMS 0x000000070ee00000, 0x000000070ee00000| Complete 
| 109|0x000000070f000000, 0x000000070f200000, 0x000000070f200000|100%| E|CS|TAMS 0x000000070f000000, 0x000000070f000000| Complete 
| 110|0x000000070f200000, 0x000000070f400000, 0x000000070f400000|100%| E|CS|TAMS 0x000000070f200000, 0x000000070f200000| Complete 
| 111|0x000000070f400000, 0x000000070f600000, 0x000000070f600000|100%| E|CS|TAMS 0x000000070f400000, 0x000000070f400000| Complete 
| 112|0x000000070f600000, 0x000000070f800000, 0x000000070f800000|100%| E|CS|TAMS 0x000000070f600000, 0x000000070f600000| Complete 
| 113|0x000000070f800000, 0x000000070fa00000, 0x000000070fa00000|100%| E|CS|TAMS 0x000000070f800000, 0x000000070f800000| Complete 
| 114|0x000000070fa00000, 0x000000070fc00000, 0x000000070fc00000|100%| E|CS|TAMS 0x000000070fa00000, 0x000000070fa00000| Complete 
| 115|0x000000070fc00000, 0x000000070fe00000, 0x000000070fe00000|100%| E|CS|TAMS 0x000000070fc00000, 0x000000070fc00000| Complete 
| 116|0x000000070fe00000, 0x0000000710000000, 0x0000000710000000|100%| E|CS|TAMS 0x000000070fe00000, 0x000000070fe00000| Complete 
| 117|0x0000000710000000, 0x00000007101ac1a0, 0x0000000710200000| 83%| S|CS|TAMS 0x0000000710000000, 0x0000000710000000| Complete 
| 118|0x0000000710200000, 0x0000000710400000, 0x0000000710400000|100%| S|CS|TAMS 0x0000000710200000, 0x0000000710200000| Complete 
| 119|0x0000000710400000, 0x0000000710600000, 0x0000000710600000|100%| E|CS|TAMS 0x0000000710400000, 0x0000000710400000| Complete 
| 120|0x0000000710600000, 0x0000000710800000, 0x0000000710800000|100%| E|CS|TAMS 0x0000000710600000, 0x0000000710600000| Complete 
| 121|0x0000000710800000, 0x0000000710a00000, 0x0000000710a00000|100%| E|CS|TAMS 0x0000000710800000, 0x0000000710800000| Complete 
| 122|0x0000000710a00000, 0x0000000710c00000, 0x0000000710c00000|100%| E|CS|TAMS 0x0000000710a00000, 0x0000000710a00000| Complete 
| 123|0x0000000710c00000, 0x0000000710e00000, 0x0000000710e00000|100%| E|CS|TAMS 0x0000000710c00000, 0x0000000710c00000| Complete 
| 124|0x0000000710e00000, 0x0000000711000000, 0x0000000711000000|100%| E|CS|TAMS 0x0000000710e00000, 0x0000000710e00000| Complete 
| 125|0x0000000711000000, 0x0000000711200000, 0x0000000711200000|100%| E|CS|TAMS 0x0000000711000000, 0x0000000711000000| Complete 
| 126|0x0000000711200000, 0x0000000711400000, 0x0000000711400000|100%| E|CS|TAMS 0x0000000711200000, 0x0000000711200000| Complete 
| 127|0x0000000711400000, 0x0000000711600000, 0x0000000711600000|100%| E|CS|TAMS 0x0000000711400000, 0x0000000711400000| Complete 

Card table byte_map: [0x00000158db120000,0x00000158db920000] _byte_map_base: 0x00000158d7915000

Marking Bits (Prev, Next): (CMBitMap*) 0x00000158c405ddb0, (CMBitMap*) 0x00000158c405ddf0
 Prev Bits: [0x00000158dc120000, 0x00000158e00c8000)
 Next Bits: [0x00000158e00d0000, 0x00000158e4078000)

Polling page: 0x00000158c1fa0000

Metaspace:

Usage:
  Non-class:     16.52 MB used.
      Class:      2.66 MB used.
       Both:     19.18 MB used.

Virtual space:
  Non-class space:       64.00 MB reserved,      16.69 MB ( 26%) committed,  1 nodes.
      Class space:        1.00 GB reserved,       2.81 MB ( <1%) committed,  1 nodes.
             Both:        1.06 GB reserved,      19.50 MB (  2%) committed. 

Chunk freelists:
   Non-Class:  3.22 MB
       Class:  1.22 MB
        Both:  4.44 MB

MaxMetaspaceSize: unlimited
CompressedClassSpaceSize: 1.00 GB
Initial GC threshold: 21.00 MB
Current GC threshold: 21.00 MB
CDS: on
MetaspaceReclaimPolicy: balanced
 - commit_granule_bytes: 65536.
 - commit_granule_words: 8192.
 - virtual_space_node_default_size: 8388608.
 - enlarge_chunks_in_place: 1.
 - new_chunks_are_fully_committed: 0.
 - uncommit_free_chunks: 1.
 - use_allocation_guard: 0.


Internal statistics:

num_allocs_failed_limit: 0.
num_arena_births: 346.
num_arena_deaths: 0.
num_vsnodes_births: 2.
num_vsnodes_deaths: 0.
num_space_committed: 312.
num_space_uncommitted: 0.
num_chunks_returned_to_freelist: 0.
num_chunks_taken_from_freelist: 937.
num_chunk_merges: 0.
num_chunk_splits: 665.
num_chunks_enlarged: 526.
num_inconsistent_stats: 0.

CodeHeap 'non-profiled nmethods': size=120000Kb used=952Kb max_used=952Kb free=119047Kb
 bounds [0x00000158d33f0000, 0x00000158d3660000, 0x00000158da920000]
CodeHeap 'profiled nmethods': size=120000Kb used=4816Kb max_used=4816Kb free=115183Kb
 bounds [0x00000158cbec0000, 0x00000158cc380000, 0x00000158d33f0000]
CodeHeap 'non-nmethods': size=5760Kb used=1455Kb max_used=1473Kb free=4304Kb
 bounds [0x00000158cb920000, 0x00000158cbb90000, 0x00000158cbec0000]
 total_blobs=3443 nmethods=2633 adapters=722
 compilation: enabled
              stopped_count=0, restarted_count=0
 full_count=0

Compilation events (20 events):
Event: 10.492 Thread 0x00000158e652fa90 2624       1       com.sun.glass.ui.Screen::getPlatformScaleX (5 bytes)
Event: 10.492 Thread 0x00000158e652fa90 nmethod 2624 0x00000158d34ddc90 code [0x00000158d34dde20, 0x00000158d34ddef8]
Event: 10.492 Thread 0x00000158e652fa90 2625       1       com.sun.glass.ui.Screen::getPlatformScaleY (5 bytes)
Event: 10.492 Thread 0x00000158e652fa90 nmethod 2625 0x00000158d34ddf90 code [0x00000158d34de120, 0x00000158d34de1f8]
Event: 14.140 Thread 0x00000158e652fa90 2626       3       com.sun.glass.ui.Window::getX (8 bytes)
Event: 14.140 Thread 0x00000158e652fa90 nmethod 2626 0x00000158cc36ed10 code [0x00000158cc36eee0, 0x00000158cc36f238]
Event: 14.140 Thread 0x00000158e652fa90 2627       3       com.sun.glass.ui.Window::getY (8 bytes)
Event: 14.140 Thread 0x00000158e652fa90 nmethod 2627 0x00000158cc36f390 code [0x00000158cc36f560, 0x00000158cc36f8b8]
Event: 14.163 Thread 0x00000158e652fa90 2628       3       com.sun.glass.ui.Window::handleWindowEvent (18 bytes)
Event: 14.164 Thread 0x00000158e652fa90 nmethod 2628 0x00000158cc36fa10 code [0x00000158cc36fbc0, 0x00000158cc36fde8]
Event: 14.164 Thread 0x00000158e652fa90 2629       3       com.sun.javafx.tk.quantum.GlassWindowEventHandler::handleWindowEvent (22 bytes)
Event: 14.164 Thread 0x00000158e652fa90 nmethod 2629 0x00000158cc36ff10 code [0x00000158cc370120, 0x00000158cc370738]
Event: 14.260 Thread 0x00000158e652fa90 2630       3       com.sun.glass.ui.Window::notifyMove (21 bytes)
Event: 14.260 Thread 0x00000158e652fa90 nmethod 2630 0x00000158cc370990 code [0x00000158cc370b40, 0x00000158cc370d48]
Event: 14.260 Thread 0x00000158e652fa90 2631       3       com.sun.javafx.stage.WindowPeerListener::changedLocation (12 bytes)
Event: 14.260 Thread 0x00000158e652fa90 nmethod 2631 0x00000158cc370e10 code [0x00000158cc370fa0, 0x00000158cc3710e8]
Event: 14.267 Thread 0x00000158e652fa90 2632       3       com.sun.glass.ui.win.WinWindow::notifyMoving (427 bytes)
Event: 14.269 Thread 0x00000158e652fa90 nmethod 2632 0x00000158cc371190 code [0x00000158cc371500, 0x00000158cc373018]
Event: 14.269 Thread 0x00000158e652fa90 2633       3       com.sun.glass.ui.Screen::containsPlatformRect (59 bytes)
Event: 14.269 Thread 0x00000158e652fa90 nmethod 2633 0x00000158cc373d10 code [0x00000158cc373ec0, 0x00000158cc3741e8]

GC Heap History (4 events):
Event: 0.328 GC heap before
{Heap before GC invocations=0 (full 0):
 garbage-first heap   total 262144K, used 12288K [0x0000000701600000, 0x0000000800000000)
  region size 2048K, 6 young (12288K), 0 survivors (0K)
 Metaspace       used 2368K, committed 2560K, reserved 1114112K
  class space    used 242K, committed 320K, reserved 1048576K
}
Event: 0.330 GC heap after
{Heap after GC invocations=1 (full 0):
 garbage-first heap   total 262144K, used 2140K [0x0000000701600000, 0x0000000800000000)
  region size 2048K, 1 young (2048K), 1 survivors (2048K)
 Metaspace       used 2368K, committed 2560K, reserved 1114112K
  class space    used 242K, committed 320K, reserved 1048576K
}
Event: 0.695 GC heap before
{Heap before GC invocations=1 (full 0):
 garbage-first heap   total 262144K, used 16476K [0x0000000701600000, 0x0000000800000000)
  region size 2048K, 9 young (18432K), 1 survivors (2048K)
 Metaspace       used 7414K, committed 7616K, reserved 1114112K
  class space    used 915K, committed 1024K, reserved 1048576K
}
Event: 0.698 GC heap after
{Heap after GC invocations=2 (full 0):
 garbage-first heap   total 262144K, used 3852K [0x0000000701600000, 0x0000000800000000)
  region size 2048K, 2 young (4096K), 2 survivors (4096K)
 Metaspace       used 7414K, committed 7616K, reserved 1114112K
  class space    used 915K, committed 1024K, reserved 1048576K
}

Deoptimization events (20 events):
Event: 3.647 Thread 0x00000158eb17fe40 DEOPT PACKING pc=0x00000158cc25294d sp=0x0000001b4d1fb5e0
Event: 3.647 Thread 0x00000158eb17fe40 DEOPT UNPACKING pc=0x00000158cb972b43 sp=0x0000001b4d1faab0 mode 0
Event: 3.647 Thread 0x00000158eb17fe40 DEOPT PACKING pc=0x00000158cc25294d sp=0x0000001b4d1fb5e0
Event: 3.647 Thread 0x00000158eb17fe40 DEOPT UNPACKING pc=0x00000158cb972b43 sp=0x0000001b4d1faab0 mode 0
Event: 3.647 Thread 0x00000158eb17fe40 DEOPT PACKING pc=0x00000158cc25294d sp=0x0000001b4d1fb5e0
Event: 3.647 Thread 0x00000158eb17fe40 DEOPT UNPACKING pc=0x00000158cb972b43 sp=0x0000001b4d1faab0 mode 0
Event: 3.647 Thread 0x00000158eb17fe40 DEOPT PACKING pc=0x00000158cc25294d sp=0x0000001b4d1fb5e0
Event: 3.647 Thread 0x00000158eb17fe40 DEOPT UNPACKING pc=0x00000158cb972b43 sp=0x0000001b4d1faab0 mode 0
Event: 3.648 Thread 0x00000158eb17fe40 DEOPT PACKING pc=0x00000158cc25294d sp=0x0000001b4d1fb5e0
Event: 3.648 Thread 0x00000158eb17fe40 DEOPT UNPACKING pc=0x00000158cb972b43 sp=0x0000001b4d1faab0 mode 0
Event: 3.648 Thread 0x00000158eb17fe40 DEOPT PACKING pc=0x00000158cc25294d sp=0x0000001b4d1fb5e0
Event: 3.648 Thread 0x00000158eb17fe40 DEOPT UNPACKING pc=0x00000158cb972b43 sp=0x0000001b4d1faab0 mode 0
Event: 3.648 Thread 0x00000158eb17fe40 Uncommon trap: trap_request=0xffffff45 fr.pc=0x00000158d34aae04 relative=0x0000000000000f24
Event: 3.648 Thread 0x00000158eb17fe40 Uncommon trap: reason=unstable_if action=reinterpret pc=0x00000158d34aae04 method=com.sun.javafx.iio.common.SmoothMinifier.putSourceScanline([BI)Z @ 419 c2
Event: 3.648 Thread 0x00000158eb17fe40 DEOPT PACKING pc=0x00000158d34aae04 sp=0x0000001b4d1fb610
Event: 3.648 Thread 0x00000158eb17fe40 DEOPT UNPACKING pc=0x00000158cb9723a3 sp=0x0000001b4d1fb5b0 mode 2
Event: 6.191 Thread 0x00000158eb17fe40 Uncommon trap: trap_request=0xffffff45 fr.pc=0x00000158d34c8ca0 relative=0x0000000000000400
Event: 6.191 Thread 0x00000158eb17fe40 Uncommon trap: reason=unstable_if action=reinterpret pc=0x00000158d34c8ca0 method=java.lang.StringLatin1.indexOf([BI[BII)I @ 27 c2
Event: 6.191 Thread 0x00000158eb17fe40 DEOPT PACKING pc=0x00000158d34c8ca0 sp=0x0000001b4d1f89d0
Event: 6.191 Thread 0x00000158eb17fe40 DEOPT UNPACKING pc=0x00000158cb9723a3 sp=0x0000001b4d1f8958 mode 2

Classes loaded (20 events):
Event: 6.189 Loading class sun/util/resources/LocaleData$LocaleDataResourceBundleProvider done
Event: 6.189 Loading class sun/util/resources/LocaleData$CommonResourceBundleProvider done
Event: 6.189 Loading class sun/text/resources/BreakIteratorInfo
Event: 6.190 Loading class sun/text/resources/BreakIteratorInfo done
Event: 6.190 Loading class sun/text/resources/BreakIteratorResources
Event: 6.190 Loading class sun/util/resources/BreakIteratorResourceBundle
Event: 6.190 Loading class sun/util/resources/BreakIteratorResourceBundle done
Event: 6.190 Loading class sun/text/resources/BreakIteratorResources done
Event: 6.190 Loading class sun/util/resources/Bundles$2
Event: 6.190 Loading class sun/util/resources/Bundles$2 done
Event: 6.191 Loading class sun/text/RuleBasedBreakIterator
Event: 6.191 Loading class sun/text/RuleBasedBreakIterator done
Event: 6.192 Loading class sun/text/CompactByteArray
Event: 6.192 Loading class sun/text/CompactByteArray done
Event: 6.192 Loading class sun/text/SupplementaryCharacterData
Event: 6.192 Loading class sun/text/SupplementaryCharacterData done
Event: 6.192 Loading class java/text/BreakIterator$BreakIteratorCache
Event: 6.192 Loading class java/text/BreakIterator$BreakIteratorCache done
Event: 8.595 Loading class java/text/StringCharacterIterator
Event: 8.596 Loading class java/text/StringCharacterIterator done

Classes unloaded (0 events):
No events

Classes redefined (0 events):
No events

Internal exceptions (20 events):
Event: 1.051 Thread 0x00000158eb17fe40 Exception <a 'java/lang/NoSuchMethodError'{0x0000000710758190}: 'long java.lang.invoke.DelegatingMethodHandle$Holder.reinvoke_L(java.lang.Object, java.lang.Object)'> (0x0000000710758190) 
thrown [s\open\src\hotspot\share\interpreter\linkResolver.cpp, line 759]
Event: 1.099 Thread 0x00000158e65279a0 Exception <a 'sun/nio/fs/WindowsException'{0x0000000710478e08}> (0x0000000710478e08) 
thrown [s\open\src\hotspot\share\prims\jni.cpp, line 516]
Event: 1.172 Thread 0x00000158efc19210 Exception <a 'sun/nio/fs/WindowsException'{0x000000070fc8ab48}> (0x000000070fc8ab48) 
thrown [s\open\src\hotspot\share\prims\jni.cpp, line 516]
Event: 1.172 Thread 0x00000158eb17fe40 Implicit null exception at 0x00000158d3416360 to 0x00000158d34163fa
Event: 1.261 Thread 0x00000158eb17fe40 Implicit null exception at 0x00000158d3457734 to 0x00000158d3457a00
Event: 1.264 Thread 0x00000158eb17fe40 Implicit null exception at 0x00000158d34532af to 0x00000158d3453554
Event: 1.354 Thread 0x00000158eb17fe40 Exception <a 'java/lang/NoSuchMethodError'{0x000000070f489ea8}: 'java.lang.Object java.lang.invoke.DirectMethodHandle$Holder.invokeInterface(java.lang.Object, java.lang.Object, java.lang.Object)'> (0x000000070f489ea8) 
thrown [s\open\src\hotspot\share\interpreter\linkResolver.cpp, line 759]
Event: 1.355 Thread 0x00000158eb17fe40 Exception <a 'java/lang/IncompatibleClassChangeError'{0x000000070f48d828}: Found class java.lang.Object, but interface was expected> (0x000000070f48d828) 
thrown [s\open\src\hotspot\share\interpreter\linkResolver.cpp, line 826]
Event: 1.386 Thread 0x00000158eb17fe40 Exception <a 'java/lang/ClassNotFoundException'{0x000000070f2cc150}: com/sun/javafx/scene/control/skin/resources/controls> (0x000000070f2cc150) 
thrown [s\open\src\hotspot\share\prims\jni.cpp, line 535]
Event: 1.387 Thread 0x00000158eb17fe40 Exception <a 'java/lang/ClassNotFoundException'{0x000000070f2da4e8}: com/sun/javafx/scene/control/skin/resources/controls_ru> (0x000000070f2da4e8) 
thrown [s\open\src\hotspot\share\prims\jni.cpp, line 535]
Event: 1.387 Thread 0x00000158eb17fe40 Exception <a 'java/lang/ClassNotFoundException'{0x000000070f2db6d0}: com/sun/javafx/scene/control/skin/resources/controls_ru_RU> (0x000000070f2db6d0) 
thrown [s\open\src\hotspot\share\prims\jni.cpp, line 535]
Event: 1.418 Thread 0x00000158eb17fe40 Exception <a 'java/lang/NoSuchMethodError'{0x000000070f086c10}: 'void java.lang.invoke.DirectMethodHandle$Holder.invokeSpecial(java.lang.Object, java.lang.Object, java.lang.Object, java.lang.Object, java.lang.Object, java.lang.Object)'> (0x000000070f086c10) 
thrown [s\open\src\hotspot\share\interpreter\linkResolver.cpp, line 759]
Event: 1.469 Thread 0x00000158eb17fe40 Exception <a 'java/lang/NoSuchMethodError'{0x000000070eff5a08}: 'int java.lang.invoke.DirectMethodHandle$Holder.invokeSpecial(java.lang.Object, java.lang.Object, int)'> (0x000000070eff5a08) 
thrown [s\open\src\hotspot\share\interpreter\linkResolver.cpp, line 759]
Event: 1.477 Thread 0x00000158eb17fe40 Exception <a 'java/lang/NoSuchMethodError'{0x000000070ec2d4f0}: 'java.lang.Object java.lang.invoke.DirectMethodHandle$Holder.newInvokeSpecial(java.lang.Object, java.lang.Object, int)'> (0x000000070ec2d4f0) 
thrown [s\open\src\hotspot\share\interpreter\linkResolver.cpp, line 759]
Event: 1.510 Thread 0x00000158eb09e860 Exception <a 'java/lang/NoSuchMethodError'{0x000000070ed34c98}: 'int java.lang.invoke.DirectMethodHandle$Holder.invokeStaticInit(java.lang.Object, java.lang.Object)'> (0x000000070ed34c98) 
thrown [s\open\src\hotspot\share\interpreter\linkResolver.cpp, line 759]
Event: 1.517 Thread 0x00000158eb17fe40 Exception <a 'java/lang/NoSuchMethodError'{0x000000070ed9cf48}: 'long java.lang.invoke.DirectMethodHandle$Holder.invokeStatic(java.lang.Object, java.lang.Object, java.lang.Object)'> (0x000000070ed9cf48) 
thrown [s\open\src\hotspot\share\interpreter\linkResolver.cpp, line 759]
Event: 1.517 Thread 0x00000158eb17fe40 Exception <a 'java/lang/NoSuchMethodError'{0x000000070eda0990}: 'long java.lang.invoke.DirectMethodHandle$Holder.invokeStaticInit(java.lang.Object, java.lang.Object, java.lang.Object)'> (0x000000070eda0990) 
thrown [s\open\src\hotspot\share\interpreter\linkResolver.cpp, line 759]
Event: 6.284 Thread 0x00000158eb17fe40 Exception <a 'java/lang/NoSuchMethodError'{0x000000070e6c1460}: 'java.lang.Object java.lang.invoke.DirectMethodHandle$Holder.newInvokeSpecial(java.lang.Object, java.lang.Object, int, int, int, int, int, java.lang.Object)'> (0x000000070e6c1460) 
thrown [s\open\src\hotspot\share\interpreter\linkResolver.cpp, line 759]
Event: 6.285 Thread 0x00000158eb17fe40 Exception <a 'java/lang/NoSuchMethodError'{0x000000070e6d4c38}: 'java.lang.Object java.lang.invoke.DirectMethodHandle$Holder.newInvokeSpecial(java.lang.Object, java.lang.Object, java.lang.Object, int, int, int, int, int)'> (0x000000070e6d4c38) 
thrown [s\open\src\hotspot\share\interpreter\linkResolver.cpp, line 759]
Event: 6.286 Thread 0x00000158eb17fe40 Exception <a 'java/lang/NoSuchMethodError'{0x000000070e6dcc98}: 'java.lang.Object java.lang.invoke.Invokers$Holder.linkToTargetMethod(java.lang.Object, java.lang.Object, int, int, int, int, int, java.lang.Object)'> (0x000000070e6dcc98) 
thrown [s\open\src\hotspot\share\interpreter\linkResolver.cpp, line 759]

VM Operations (20 events):
Event: 1.214 Executing VM operation: HandshakeAllThreads done
Event: 2.214 Executing VM operation: Cleanup
Event: 2.214 Executing VM operation: Cleanup done
Event: 3.214 Executing VM operation: Cleanup
Event: 3.214 Executing VM operation: Cleanup done
Event: 4.214 Executing VM operation: Cleanup
Event: 4.215 Executing VM operation: Cleanup done
Event: 5.215 Executing VM operation: Cleanup
Event: 5.215 Executing VM operation: Cleanup done
Event: 6.215 Executing VM operation: Cleanup
Event: 6.215 Executing VM operation: Cleanup done
Event: 7.215 Executing VM operation: Cleanup
Event: 7.216 Executing VM operation: Cleanup done
Event: 8.216 Executing VM operation: Cleanup
Event: 8.216 Executing VM operation: Cleanup done
Event: 9.217 Executing VM operation: Cleanup
Event: 9.217 Executing VM operation: Cleanup done
Event: 10.218 Executing VM operation: Cleanup
Event: 10.218 Executing VM operation: Cleanup done
Event: 15.045 Executing VM operation: Exit

Events (20 events):
Event: 0.425 Loaded shared library C:\Users\Sergey\.openjfx\cache\18+12\prism_d3d.dll
Event: 0.474 Loaded shared library C:\Users\Sergey\.openjfx\cache\18+12\glass.dll
Event: 0.476 Thread 0x00000158eb176c70 Thread added: 0x00000158eb176c70
Event: 0.479 Thread 0x00000158eb17fe40 Thread added: 0x00000158eb17fe40
Event: 0.567 Thread 0x00000158ea948eb0 Thread exited: 0x00000158ea948eb0
Event: 0.595 Thread 0x00000158efc17530 Thread added: 0x00000158efc17530
Event: 0.598 Thread 0x00000158efc17a00 Thread added: 0x00000158efc17a00
Event: 0.614 Loaded shared library C:\Users\Sergey\.jdks\openjdk-18.0.2\bin\jimage.dll
Event: 0.721 Loaded shared library C:\Users\Sergey\.openjfx\cache\18+12\javafx_font.dll
Event: 0.811 Thread 0x00000158efc5e110 Thread added: 0x00000158efc5e110
Event: 0.952 Loaded shared library C:\Users\Sergey\.jdks\openjdk-18.0.2\bin\management.dll
Event: 0.955 Loaded shared library C:\Users\Sergey\.jdks\openjdk-18.0.2\bin\management_ext.dll
Event: 1.161 Thread 0x00000158efc19210 Thread added: 0x00000158efc19210
Event: 1.349 Thread 0x00000158efc196e0 Thread added: 0x00000158efc196e0
Event: 1.541 Thread 0x00000158efc19bb0 Thread added: 0x00000158efc19bb0
Event: 1.751 Thread 0x00000158efc5e110 Thread exited: 0x00000158efc5e110
Event: 15.044 Thread 0x00000158efc1a080 Thread added: 0x00000158efc1a080
Event: 15.044 Thread 0x00000158efc17ed0 Thread added: 0x00000158efc17ed0
Event: 15.044 Thread 0x00000158efc1a080 Thread exited: 0x00000158efc1a080
Event: 15.045 Thread 0x00000158efc17ed0 Thread exited: 0x00000158efc17ed0


Dynamic libraries:
0x00007ff669770000 - 0x00007ff66977e000 	C:\Users\Sergey\.jdks\openjdk-18.0.2\bin\java.exe
0x00007fff52ae0000 - 0x00007fff52ce9000 	C:\windows\SYSTEM32\ntdll.dll
0x00007fff50da0000 - 0x00007fff50e5d000 	C:\windows\System32\KERNEL32.DLL
0x00007fff502f0000 - 0x00007fff5066d000 	C:\windows\System32\KERNELBASE.dll
0x00007fff50160000 - 0x00007fff50271000 	C:\windows\System32\ucrtbase.dll
0x00007fff3eef0000 - 0x00007fff3ef0a000 	C:\Users\Sergey\.jdks\openjdk-18.0.2\bin\VCRUNTIME140.dll
0x00007fff3bb90000 - 0x00007fff3bba7000 	C:\Users\Sergey\.jdks\openjdk-18.0.2\bin\jli.dll
0x00007fff51b40000 - 0x00007fff51ced000 	C:\windows\System32\USER32.dll
0x00007fff50130000 - 0x00007fff50156000 	C:\windows\System32\win32u.dll
0x00007fff2c460000 - 0x00007fff2c705000 	C:\windows\WinSxS\amd64_microsoft.windows.common-controls_6595b64144ccf1df_6.0.22000.120_none_9d947278b86cc467\COMCTL32.dll
0x00007fff510d0000 - 0x00007fff510f9000 	C:\windows\System32\GDI32.dll
0x00007fff52900000 - 0x00007fff529a3000 	C:\windows\System32\msvcrt.dll
0x00007fff50710000 - 0x00007fff50828000 	C:\windows\System32\gdi32full.dll
0x00007fff50670000 - 0x00007fff5070d000 	C:\windows\System32\msvcp_win.dll
0x00007fff51d00000 - 0x00007fff51d31000 	C:\windows\System32\IMM32.DLL
0x00007fff3e780000 - 0x00007fff3e78c000 	C:\Users\Sergey\.jdks\openjdk-18.0.2\bin\vcruntime140_1.dll
0x00007fff12ca0000 - 0x00007fff12d2d000 	C:\Users\Sergey\.jdks\openjdk-18.0.2\bin\msvcp140.dll
0x00007ffee00a0000 - 0x00007ffee0cb1000 	C:\Users\Sergey\.jdks\openjdk-18.0.2\bin\server\jvm.dll
0x00007fff50970000 - 0x00007fff50a1e000 	C:\windows\System32\ADVAPI32.dll
0x00007fff511b0000 - 0x00007fff5124e000 	C:\windows\System32\sechost.dll
0x00007fff519f0000 - 0x00007fff51b10000 	C:\windows\System32\RPCRT4.dll
0x00007fff51cf0000 - 0x00007fff51cf8000 	C:\windows\System32\PSAPI.DLL
0x00007fff45d50000 - 0x00007fff45d83000 	C:\windows\SYSTEM32\WINMM.dll
0x00007fff32970000 - 0x00007fff32979000 	C:\windows\SYSTEM32\WSOCK32.dll
0x00007fff4a300000 - 0x00007fff4a30a000 	C:\windows\SYSTEM32\VERSION.dll
0x00007fff51d40000 - 0x00007fff51daf000 	C:\windows\System32\WS2_32.dll
0x00007fff4f140000 - 0x00007fff4f158000 	C:\windows\SYSTEM32\kernel.appcore.dll
0x00007fff3df80000 - 0x00007fff3df8a000 	C:\Users\Sergey\.jdks\openjdk-18.0.2\bin\jimage.dll
0x00007fff3eb50000 - 0x00007fff3ed71000 	C:\windows\SYSTEM32\DBGHELP.DLL
0x00007fff3ea90000 - 0x00007fff3eac1000 	C:\windows\SYSTEM32\dbgcore.DLL
0x00007fff508f0000 - 0x00007fff5096f000 	C:\windows\System32\bcryptPrimitives.dll
0x00007fff3ef40000 - 0x00007fff3ef4e000 	C:\Users\Sergey\.jdks\openjdk-18.0.2\bin\instrument.dll
0x00007fff35500000 - 0x00007fff35525000 	C:\Users\Sergey\.jdks\openjdk-18.0.2\bin\java.dll
0x00007fff00d50000 - 0x00007fff00e26000 	C:\Users\Sergey\.jdks\openjdk-18.0.2\bin\jsvml.dll
0x00007fff51f70000 - 0x00007fff52728000 	C:\windows\System32\SHELL32.dll
0x00007fff4e130000 - 0x00007fff4e998000 	C:\windows\SYSTEM32\windows.storage.dll
0x00007fff50a20000 - 0x00007fff50d99000 	C:\windows\System32\combase.dll
0x00007fff4dfc0000 - 0x00007fff4e126000 	C:\windows\SYSTEM32\wintypes.dll
0x00007fff50e60000 - 0x00007fff50f4a000 	C:\windows\System32\SHCORE.dll
0x00007fff50f50000 - 0x00007fff50fad000 	C:\windows\System32\shlwapi.dll
0x00007fff4fef0000 - 0x00007fff4ff11000 	C:\windows\SYSTEM32\profapi.dll
0x00007fff3a920000 - 0x00007fff3a933000 	C:\Users\Sergey\.jdks\openjdk-18.0.2\bin\net.dll
0x00007fff4a790000 - 0x00007fff4a89c000 	C:\windows\SYSTEM32\WINHTTP.dll
0x00007fff4f5e0000 - 0x00007fff4f647000 	C:\windows\system32\mswsock.dll
0x00007fff3a8f0000 - 0x00007fff3a906000 	C:\Users\Sergey\.jdks\openjdk-18.0.2\bin\nio.dll
0x00007fff3a7c0000 - 0x00007fff3a7d8000 	C:\Users\Sergey\.jdks\openjdk-18.0.2\bin\zip.dll
0x00007fff3ef20000 - 0x00007fff3ef3a000 	D:\Program Files\JetBrains\IntelliJ IDEA 2022.1.2\bin\breakgen64.dll
0x00000158c1ff0000 - 0x00000158c1ff3000 	C:\Users\Sergey\.openjfx\cache\18+12\api-ms-win-core-console-l1-1-0.dll
0x00000158c3f30000 - 0x00000158c3f33000 	C:\Users\Sergey\.openjfx\cache\18+12\api-ms-win-core-console-l1-2-0.dll
0x00000158c3f40000 - 0x00000158c3f43000 	C:\Users\Sergey\.openjfx\cache\18+12\api-ms-win-core-datetime-l1-1-0.dll
0x00000158c3f50000 - 0x00000158c3f53000 	C:\Users\Sergey\.openjfx\cache\18+12\api-ms-win-core-debug-l1-1-0.dll
0x00000158c3f60000 - 0x00000158c3f63000 	C:\Users\Sergey\.openjfx\cache\18+12\api-ms-win-core-errorhandling-l1-1-0.dll
0x00000158c3f70000 - 0x00000158c3f74000 	C:\Users\Sergey\.openjfx\cache\18+12\api-ms-win-core-file-l1-1-0.dll
0x00000158c3f80000 - 0x00000158c3f83000 	C:\Users\Sergey\.openjfx\cache\18+12\api-ms-win-core-file-l1-2-0.dll
0x00000158c3f90000 - 0x00000158c3f93000 	C:\Users\Sergey\.openjfx\cache\18+12\api-ms-win-core-file-l2-1-0.dll
0x00000158c3fa0000 - 0x00000158c3fa3000 	C:\Users\Sergey\.openjfx\cache\18+12\api-ms-win-core-handle-l1-1-0.dll
0x00000158e66d0000 - 0x00000158e66d3000 	C:\Users\Sergey\.openjfx\cache\18+12\api-ms-win-core-heap-l1-1-0.dll
0x00000158e66e0000 - 0x00000158e66e3000 	C:\Users\Sergey\.openjfx\cache\18+12\api-ms-win-core-interlocked-l1-1-0.dll
0x00000158e66f0000 - 0x00000158e66f3000 	C:\Users\Sergey\.openjfx\cache\18+12\api-ms-win-core-libraryloader-l1-1-0.dll
0x00000158e6700000 - 0x00000158e6703000 	C:\Users\Sergey\.openjfx\cache\18+12\api-ms-win-core-localization-l1-2-0.dll
0x00000158e6710000 - 0x00000158e6713000 	C:\Users\Sergey\.openjfx\cache\18+12\api-ms-win-core-memory-l1-1-0.dll
0x00000158e6720000 - 0x00000158e6723000 	C:\Users\Sergey\.openjfx\cache\18+12\api-ms-win-core-namedpipe-l1-1-0.dll
0x00000158e6730000 - 0x00000158e6733000 	C:\Users\Sergey\.openjfx\cache\18+12\api-ms-win-core-processenvironment-l1-1-0.dll
0x00000158e6740000 - 0x00000158e6743000 	C:\Users\Sergey\.openjfx\cache\18+12\api-ms-win-core-processthreads-l1-1-0.dll
0x00000158e6750000 - 0x00000158e6753000 	C:\Users\Sergey\.openjfx\cache\18+12\api-ms-win-core-processthreads-l1-1-1.dll
0x00000158e6760000 - 0x00000158e6763000 	C:\Users\Sergey\.openjfx\cache\18+12\api-ms-win-core-profile-l1-1-0.dll
0x00000158e6770000 - 0x00000158e6773000 	C:\Users\Sergey\.openjfx\cache\18+12\api-ms-win-core-rtlsupport-l1-1-0.dll
0x00000158e6780000 - 0x00000158e6783000 	C:\Users\Sergey\.openjfx\cache\18+12\api-ms-win-core-string-l1-1-0.dll
0x00000158e6790000 - 0x00000158e6793000 	C:\Users\Sergey\.openjfx\cache\18+12\api-ms-win-core-synch-l1-1-0.dll
0x00000158e67a0000 - 0x00000158e67a3000 	C:\Users\Sergey\.openjfx\cache\18+12\api-ms-win-core-synch-l1-2-0.dll
0x00000158e67b0000 - 0x00000158e67b3000 	C:\Users\Sergey\.openjfx\cache\18+12\api-ms-win-core-sysinfo-l1-1-0.dll
0x00000158e67c0000 - 0x00000158e67c3000 	C:\Users\Sergey\.openjfx\cache\18+12\api-ms-win-core-timezone-l1-1-0.dll
0x00000158e67d0000 - 0x00000158e67d3000 	C:\Users\Sergey\.openjfx\cache\18+12\api-ms-win-core-util-l1-1-0.dll
0x00000158e67e0000 - 0x00000158e67e3000 	C:\Users\Sergey\.openjfx\cache\18+12\api-ms-win-crt-conio-l1-1-0.dll
0x00000158e67f0000 - 0x00000158e67f4000 	C:\Users\Sergey\.openjfx\cache\18+12\api-ms-win-crt-convert-l1-1-0.dll
0x00000158eb400000 - 0x00000158eb403000 	C:\Users\Sergey\.openjfx\cache\18+12\api-ms-win-crt-environment-l1-1-0.dll
0x00000158eb410000 - 0x00000158eb413000 	C:\Users\Sergey\.openjfx\cache\18+12\api-ms-win-crt-filesystem-l1-1-0.dll
0x00000158eb420000 - 0x00000158eb423000 	C:\Users\Sergey\.openjfx\cache\18+12\api-ms-win-crt-heap-l1-1-0.dll
0x00000158eb430000 - 0x00000158eb433000 	C:\Users\Sergey\.openjfx\cache\18+12\api-ms-win-crt-locale-l1-1-0.dll
0x00000158eb440000 - 0x00000158eb445000 	C:\Users\Sergey\.openjfx\cache\18+12\api-ms-win-crt-math-l1-1-0.dll
0x00000158eb450000 - 0x00000158eb455000 	C:\Users\Sergey\.openjfx\cache\18+12\api-ms-win-crt-multibyte-l1-1-0.dll
0x00000158eb460000 - 0x00000158eb470000 	C:\Users\Sergey\.openjfx\cache\18+12\api-ms-win-crt-private-l1-1-0.dll
0x00000158eb470000 - 0x00000158eb473000 	C:\Users\Sergey\.openjfx\cache\18+12\api-ms-win-crt-process-l1-1-0.dll
0x00000158eb480000 - 0x00000158eb484000 	C:\Users\Sergey\.openjfx\cache\18+12\api-ms-win-crt-runtime-l1-1-0.dll
0x00000158eb490000 - 0x00000158eb494000 	C:\Users\Sergey\.openjfx\cache\18+12\api-ms-win-crt-stdio-l1-1-0.dll
0x00000158eb4a0000 - 0x00000158eb4a4000 	C:\Users\Sergey\.openjfx\cache\18+12\api-ms-win-crt-string-l1-1-0.dll
0x00000158eb4b0000 - 0x00000158eb4b3000 	C:\Users\Sergey\.openjfx\cache\18+12\api-ms-win-crt-time-l1-1-0.dll
0x00000158eb4c0000 - 0x00000158eb4c3000 	C:\Users\Sergey\.openjfx\cache\18+12\api-ms-win-crt-utility-l1-1-0.dll
0x00007fff1bdf0000 - 0x00007fff1beec000 	C:\Users\Sergey\.openjfx\cache\18+12\ucrtbase.dll
0x00007fff3e7e0000 - 0x00007fff3e7fa000 	C:\Users\Sergey\.openjfx\cache\18+12\vcruntime140.dll
0x00007fff3e7d0000 - 0x00007fff3e7dc000 	C:\Users\Sergey\.openjfx\cache\18+12\vcruntime140_1.dll
0x00007fff39410000 - 0x00007fff3949d000 	C:\Users\Sergey\.openjfx\cache\18+12\msvcp140.dll
0x00007fff393e0000 - 0x00007fff3940c000 	C:\Users\Sergey\.openjfx\cache\18+12\prism_d3d.dll
0x00007fff3c840000 - 0x00007fff3c9e6000 	C:\windows\system32\d3d9.dll
0x00007fff4daf0000 - 0x00007fff4db1f000 	C:\windows\SYSTEM32\dwmapi.dll
0x00007fff4d810000 - 0x00007fff4d848000 	C:\windows\SYSTEM32\dxcore.dll
0x00007fff4d6d0000 - 0x00007fff4d77c000 	C:\windows\system32\uxtheme.dll
0x00007fff45980000 - 0x00007fff45a97000 	C:\windows\System32\DriverStore\FileRepository\nvmdig.inf_amd64_4a922d3e93437ff6\nvldumdx.dll
0x00007fff4f880000 - 0x00007fff4f892000 	C:\windows\SYSTEM32\msasn1.dll
0x00007fff477f0000 - 0x00007fff47821000 	C:\windows\SYSTEM32\cryptnet.dll
0x00007fff4ffc0000 - 0x00007fff50122000 	C:\windows\System32\CRYPT32.dll
0x00007fff472e0000 - 0x00007fff47429000 	C:\windows\SYSTEM32\drvstore.dll
0x00007fff4fc90000 - 0x00007fff4fcbc000 	C:\windows\SYSTEM32\devobj.dll
0x00007fff4fcc0000 - 0x00007fff4fd0c000 	C:\windows\SYSTEM32\cfgmgr32.dll
0x00007fff4f8f0000 - 0x00007fff4f930000 	C:\windows\SYSTEM32\wldp.dll
0x00007fff4f840000 - 0x00007fff4f84c000 	C:\windows\SYSTEM32\cryptbase.dll
0x00007fff50280000 - 0x00007fff502e7000 	C:\windows\System32\WINTRUST.DLL
0x00007fff51b10000 - 0x00007fff51b2f000 	C:\windows\System32\imagehlp.dll
0x00007fff4f820000 - 0x00007fff4f838000 	C:\windows\SYSTEM32\CRYPTSP.dll
0x00007fff4f090000 - 0x00007fff4f0c5000 	C:\windows\system32\rsaenh.dll
0x00007fff4f9a0000 - 0x00007fff4f9c7000 	C:\windows\SYSTEM32\bcrypt.dll
0x00007ffea5d40000 - 0x00007ffea754a000 	C:\windows\System32\DriverStore\FileRepository\nvmdig.inf_amd64_4a922d3e93437ff6\nvd3dumx.dll
0x00007fff4a920000 - 0x00007fff4a964000 	C:\windows\SYSTEM32\directxdatabasehelper.dll
0x00007fff4d970000 - 0x00007fff4d9a4000 	C:\windows\SYSTEM32\ntmarta.dll
0x00007fff2c7b0000 - 0x00007fff2c7f2000 	C:\Users\Sergey\.openjfx\cache\18+12\glass.dll
0x00007fff529b0000 - 0x00007fff52a9c000 	C:\windows\System32\COMDLG32.dll
0x00007fff51380000 - 0x00007fff5151a000 	C:\windows\System32\ole32.dll
0x00007fff52730000 - 0x00007fff52806000 	C:\windows\System32\OLEAUT32.dll
0x00007fff50fb0000 - 0x00007fff510ce000 	C:\windows\System32\MSCTF.dll
0x00007fff4f670000 - 0x00007fff4f694000 	C:\windows\SYSTEM32\gpapi.dll
0x00007fff3b980000 - 0x00007fff3b994000 	C:\Users\Sergey\.openjfx\cache\18+12\javafx_font.dll
0x00007fff39fe0000 - 0x00007fff3a23f000 	C:\windows\SYSTEM32\dwrite.dll
0x00007fff4c710000 - 0x00007fff4c719000 	C:\Users\Sergey\.jdks\openjdk-18.0.2\bin\management.dll
0x00007fff4c700000 - 0x00007fff4c70b000 	C:\Users\Sergey\.jdks\openjdk-18.0.2\bin\management_ext.dll
0x00007fff4ebf0000 - 0x00007fff4ec1d000 	C:\windows\SYSTEM32\IPHLPAPI.DLL
0x00007fff51b30000 - 0x00007fff51b39000 	C:\windows\System32\NSI.dll
0x00007fff4a2e0000 - 0x00007fff4a2f9000 	C:\windows\SYSTEM32\dhcpcsvc6.DLL
0x00007fff4aa50000 - 0x00007fff4aa6e000 	C:\windows\SYSTEM32\dhcpcsvc.DLL

dbghelp: loaded successfully - version: 4.0.5 - missing functions: none
symbol engine: initialized successfully - sym options: 0x614 - pdb path: .;C:\Users\Sergey\.jdks\openjdk-18.0.2\bin;C:\windows\SYSTEM32;C:\windows\WinSxS\amd64_microsoft.windows.common-controls_6595b64144ccf1df_6.0.22000.120_none_9d947278b86cc467;C:\Users\Sergey\.jdks\openjdk-18.0.2\bin\server;D:\Program Files\JetBrains\IntelliJ IDEA 2022.1.2\bin;C:\Users\Sergey\.openjfx\cache\18+12;C:\windows\System32\DriverStore\FileRepository\nvmdig.inf_amd64_4a922d3e93437ff6;c:\Program Files\Bonjour;C:\Program Files\Common Files\Microsoft Shared\Ink

VM Arguments:
jvm_args: -javaagent:D:\Program Files\JetBrains\IntelliJ IDEA 2022.1.2\lib\idea_rt.jar=60570:D:\Program Files\JetBrains\IntelliJ IDEA 2022.1.2\bin -Dfile.encoding=windows-1251 --module-path=C:\Users\Sergey\.m2\repository\org\openjfx\javafx-base\18\javafx-base-18-win.jar;C:\Users\Sergey\.m2\repository\org\openjfx\javafx-controls\18\javafx-controls-18-win.jar;C:\Users\Sergey\.m2\repository\io\netty\netty-buffer\4.1.79.Final\netty-buffer-4.1.79.Final.jar;D:\GB\netfilewarehouse\target\classes;C:\Users\Sergey\.m2\repository\io\netty\netty-codec\4.1.79.Final\netty-codec-4.1.79.Final.jar;C:\Users\Sergey\.m2\repository\org\openjfx\javafx-fxml\18\javafx-fxml-18-win.jar;C:\Users\Sergey\.m2\repository\io\netty\netty-transport\4.1.79.Final\netty-transport-4.1.79.Final.jar;C:\Users\Sergey\.m2\repository\org\openjfx\javafx-graphics\18\javafx-graphics-18-win.jar -Djdk.module.main=ru.gb.netfilewarehouse 
java_command: ru.gb.netfilewarehouse/ru.gb.netfilewarehouse.NetFileWarehouse
java_class_path (initial): C:\Users\Sergey\.m2\repository\io\netty\netty-all\4.1.79.Final\netty-all-4.1.79.Final.jar;C:\Users\Sergey\.m2\repository\io\netty\netty-codec-dns\4.1.79.Final\netty-codec-dns-4.1.79.Final.jar;C:\Users\Sergey\.m2\repository\io\netty\netty-codec-haproxy\4.1.79.Final\netty-codec-haproxy-4.1.79.Final.jar;C:\Users\Sergey\.m2\repository\io\netty\netty-codec-http\4.1.79.Final\netty-codec-http-4.1.79.Final.jar;C:\Users\Sergey\.m2\repository\io\netty\netty-codec-http2\4.1.79.Final\netty-codec-http2-4.1.79.Final.jar;C:\Users\Sergey\.m2\repository\io\netty\netty-codec-memcache\4.1.79.Final\netty-codec-memcache-4.1.79.Final.jar;C:\Users\Sergey\.m2\repository\io\netty\netty-codec-mqtt\4.1.79.Final\netty-codec-mqtt-4.1.79.Final.jar;C:\Users\Sergey\.m2\repository\io\netty\netty-codec-redis\4.1.79.Final\netty-codec-redis-4.1.79.Final.jar;C:\Users\Sergey\.m2\repository\io\netty\netty-codec-smtp\4.1.79.Final\netty-codec-smtp-4.1.79.Final.jar;C:\Users\Sergey\.m2\repository\io\netty\netty-codec-socks\4.1.79.Final\netty-codec-socks-4.1.79.Final.jar;C:\Users\Sergey\.m2\repository\io\netty\netty-codec-stomp\4.1.79.Final\netty-codec-stomp-4.1.79.Final.jar;C:\Users\Sergey\.m2\repository\io\netty\netty-codec-xml\4.1.79.Final\netty-codec-xml-4.1.79.Final.jar;C:\Users\Sergey\.m2\repository\io\netty\netty-common\4.1.79.Final\netty-common-4.1.79.Final.jar;C:\Users\Sergey\.m2\repository\io\netty\netty-handler\4.1.79.Final\netty-handler-4.1.79.Final.jar;C:\Users\Sergey\.m2\repository\io\netty\netty-transport-native-unix-common\4.1.79.Final\netty-transport-native-unix-common-4.1.79.Final.jar;C:\Users\Sergey\.m2\repository\io\netty\netty-handler-proxy\4.1.79.Final\netty-handler-proxy-4.1.79.Final.jar;C:\Users\Sergey\.m2\repository\io\netty\netty-resolver\4.1.79.Final\netty-resolver-4.1.79.Final.jar;C:\Users\Sergey\.m2\repository\io\netty\netty-resolver-dns\4.1.79.Final\netty-resolver-dns-4.1.79.Final.jar;C:\Users\Sergey\.m2\repository\io\netty\netty-transport-rxtx\4.1.79.Final\netty-transport-rxtx-4.1.79.Final.jar;C:\Users\Sergey\.m2\repository\io\netty\netty-transport-sctp\4.1.79.Final\netty-transport-sctp-4.1.79.Final.jar;C:\Users\Sergey\.m2\repository\io\netty\netty-transport-udt\4.1.79.Final\netty-transport-udt-4.1.79.Final.jar;C:\Users\Sergey\.m2\repository\io\netty\netty-transport-classes-epoll\4.1.79.Final\netty-transport-classes-epoll-4.1.79.Final.jar;C:\Users\Sergey\.m2\repository\io\netty\netty-transport-classes-kqueue\4.1.79.Final\netty-transport-classes-kqueue-4.1.79.Final.jar;C:\Users\Sergey\.m2\repository\io\netty\netty-resolver-dns-classes-macos\4.1.79.Final\netty-resolver-dns-classes-macos-4.1.79.Final.jar;C:\Users\Sergey\.m2\repository\io\netty\netty-transport-native-epoll\4.1.79.Final\netty-transport-native-epoll-4.1.79.Final-linux-x86_64.jar;C:\Users\Sergey\.m2\repository\io\netty\netty-transport-native-epoll\4.1.79.Final\netty-transport-native-epoll-4.1.79.Final-linux-aarch_64.jar;C:\Users\Sergey\.m2\repository\io\netty\netty-transport-native-kqueue\4.1.79.Final\netty-transport-native-kqueue-4.1.79.Final-osx-x86_64.jar;C:\Users\Sergey\.m2\repository\io\netty\netty-transport-native-kqueue\4.1.79.Final\netty-transport-native-kqueue-4.1.79.Final-osx-aarch_64.jar;C:\Users\Sergey\.m2\repository\io\netty\netty-resolver-dns-native-macos\4.1.79.Final\netty-resolver-dns-native-macos-4.1.79.Final-osx-x86_64.jar;C:\Users\Sergey\.m2\repository\io\netty\netty-resolver-dns-native-macos\4.1.79.Final\netty-resolver-dns-native-macos-4.1.79.Final-osx-aarch_64.jar;C:\Users\Sergey\.m2\repository\org\openjfx\javafx-controls\18\javafx-controls-18.jar;C:\Users\Sergey\.m2\repository\org\openjfx\javafx-graphics\18\javafx-graphics-18.jar;C:\Users\Sergey\.m2\repository\org\openjfx\javafx-base\18\javafx-base-18.jar;C:\Users\Sergey\.m2\repository\org\openjfx\javafx-fxml\18\javafx-fxml-18.jar;C:\Users\Sergey\.m2\repository\org\xerial\sqlite-jdbc\3.34.0\sqlite-jdbc-3.34.0.jar
Launcher Type: SUN_STANDARD

[Global flags]
     intx CICompilerCount                          = 3                                         {product} {ergonomic}
     uint ConcGCThreads                            = 1                                         {product} {ergonomic}
     uint G1ConcRefinementThreads                  = 4                                         {product} {ergonomic}
   size_t G1HeapRegionSize                         = 2097152                                   {product} {ergonomic}
    uintx GCDrainStackTargetSize                   = 64                                        {product} {ergonomic}
   size_t InitialHeapSize                          = 268435456                                 {product} {ergonomic}
   size_t MarkStackSize                            = 4194304                                   {product} {ergonomic}
   size_t MaxHeapSize                              = 4271898624                                {product} {ergonomic}
   size_t MaxNewSize                               = 2562719744                                {product} {ergonomic}
   size_t MinHeapDeltaBytes                        = 2097152                                   {product} {ergonomic}
   size_t MinHeapSize                              = 8388608                                   {product} {ergonomic}
    uintx NonNMethodCodeHeapSize                   = 5832780                                {pd product} {ergonomic}
    uintx NonProfiledCodeHeapSize                  = 122912730                              {pd product} {ergonomic}
    uintx ProfiledCodeHeapSize                     = 122912730                              {pd product} {ergonomic}
    uintx ReservedCodeCacheSize                    = 251658240                              {pd product} {ergonomic}
     bool SegmentedCodeCache                       = true                                      {product} {ergonomic}
   size_t SoftMaxHeapSize                          = 4271898624                             {manageable} {ergonomic}
     bool UseCompressedClassPointers               = true                           {product lp64_product} {ergonomic}
     bool UseCompressedOops                        = true                           {product lp64_product} {ergonomic}
     bool UseG1GC                                  = true                                      {product} {ergonomic}
     bool UseLargePagesIndividualAllocation        = false                                  {pd product} {ergonomic}

Logging:
Log output configuration:
 #0: stdout all=off uptime,level,tags foldmultilines=false
 #1: stderr all=off uptime,level,tags foldmultilines=false

Environment Variables:
JAVA_HOME=C:\Program Files\Java\jdk1.8.0_301
PATH=C:\ProgramData\Oracle\Java\javapath;C:\Program Files (x86)\Common Files\Oracle\Java\javapath;C:\Windows\system32;C:\Windows;C:\Windows\System32\Wbem;C:\Windows\System32\WindowsPowerShell\v1.0\;C:\Windows\System32\OpenSSH\;C:\Program Files (x86)\Intel\Intel(R) Management Engine Components\DAL;C:\Program Files\Intel\Intel(R) Management Engine Components\DAL;C:\Program Files (x86)\Common Files\Acronis\SnapAPI\;C:\Program Files\MySQL\MySQL Utilities 1.6\;C:\Program Files (x86)\NVIDIA Corporation\PhysX\Common;D:\Program Files\PuTTY\;C:\Program Files (x86)\OpenVPN\bin;C:\Program Files\Git\cmd;C:\Program Files\PowerShell\7\;C:\Users\Sergey\AppData\Local\Microsoft\WindowsApps;c:\apache-maven-3.8.3-bin\bin
USERNAME=Sergey
OS=Windows_NT
PROCESSOR_IDENTIFIER=Intel64 Family 6 Model 158 Stepping 9, GenuineIntel



---------------  S Y S T E M  ---------------

OS:
 Windows 11 , 64 bit Build 22000 (10.0.22000.708)
OS uptime: 1 days 19:56 hours

CPU: total 4 (initial active 4) (4 cores per cpu, 1 threads per core) family 6 model 158 stepping 9 microcode 0xea, cx8, cmov, fxsr, mmx, 3dnowpref, sse, sse2, sse3, ssse3, sse4.1, sse4.2, popcnt, lzcnt, tsc, tscinvbit, avx, avx2, aes, erms, clmul, bmi1, bmi2, adx, fma, vzeroupper, clflush, clflushopt

Memory: 4k page, system-wide physical 16291M (8388M free)
TotalPageFile size 18723M (AvailPageFile size 5297M)
current process WorkingSet (physical memory assigned to process): 142M, peak: 149M
current process commit charge ("private bytes"): 405M, peak: 413M

vm_info: OpenJDK 64-Bit Server VM (18.0.2+9-61) for windows-amd64 JRE (18.0.2+9-61), built on Jun  7 2022 13:05:59 by "mach5one" with MS VC++ 16.8 / 16.9 (VS2019)

END.
